# JRE version: OpenJDK Runtime Environment Temurin-17.0.13+11 (17.0.13+11) (build 17.0.13+11)
# Java VM: OpenJDK 64-Bit Server VM Temurin-17.0.13+11 (17.0.13+11, mixed mode, tiered, compressed oops, compressed class ptrs, parallel gc, windows-amd64)
GC Precious Log:
 CPUs: 16 total, 16 available
 Memory: 16010M
 Large Page Support: Disabled
 NUMA Support: Disabled
 Compressed Oops: Enabled (32-bit)
 Alignments: Space 512K, Generation 512K, Heap 2M
 Heap Min Capacity: 100M
 Heap Initial Capacity: 100M
 Heap Max Capacity: 1G
 Pre-touch: Disabled
 Parallel Workers: 13
Heap:
 PSYoungGen      total 3584K, used 928K [0x00000000eab00000, 0x00000000eb000000, 0x0000000100000000)
  eden space 2560K, 16% used [0x00000000eab00000,0x00000000eab6b2a0,0x00000000ead80000)
  from space 1024K, 48% used [0x00000000eae00000,0x00000000eae7cda8,0x00000000eaf00000)
  to   space 1024K, 0% used [0x00000000eaf00000,0x00000000eaf00000,0x00000000eb000000)
 ParOldGen       total 305664K, used 288100K [0x00000000c0000000, 0x00000000d2a80000, 0x00000000eab00000)
  object space 305664K, 94% used [0x00000000c0000000,0x00000000d1959220,0x00000000d2a80000)
 Metaspace       used 90997K, committed 92352K, reserved 1179648K
  class space    used 10276K, committed 10880K, reserved 1048576K
GC Heap History (20 events):
Event: 80.304 GC heap before
{Heap before GC invocations=1488 (full 16):
 PSYoungGen      total 2560K, used 2118K [0x00000000eab00000, 0x00000000eb000000, 0x0000000100000000)
  eden space 1536K, 98% used [0x00000000eab00000,0x00000000eac798b8,0x00000000eac80000)
  from space 1024K, 59% used [0x00000000eac80000,0x00000000ead18000,0x00000000ead80000)
  to   space 1536K, 0% used [0x00000000eae80000,0x00000000eae80000,0x00000000eb000000)
 ParOldGen       total 305664K, used 280169K [0x00000000c0000000, 0x00000000d2a80000, 0x00000000eab00000)
  object space 305664K, 91% used [0x00000000c0000000,0x00000000d119a420,0x00000000d2a80000)
 Metaspace       used 90993K, committed 92288K, reserved 1179648K
  class space    used 10275K, committed 10880K, reserved 1048576K
}
Event: 80.304 GC heap after
{Heap after GC invocations=1488 (full 16):
 PSYoungGen      total 3072K, used 885K [0x00000000eab00000, 0x00000000eaf80000, 0x0000000100000000)
  eden space 2048K, 0% used [0x00000000eab00000,0x00000000eab00000,0x00000000ead00000)
  from space 1024K, 86% used [0x00000000eae80000,0x00000000eaf5d508,0x00000000eaf80000)
  to   space 1024K, 0% used [0x00000000ead80000,0x00000000ead80000,0x00000000eae80000)
 ParOldGen       total 305664K, used 280665K [0x00000000c0000000, 0x00000000d2a80000, 0x00000000eab00000)
  object space 305664K, 91% used [0x00000000c0000000,0x00000000d1216450,0x00000000d2a80000)
 Metaspace       used 90993K, committed 92288K, reserved 1179648K
  class space    used 10275K, committed 10880K, reserved 1048576K
}
Event: 80.307 GC heap before
{Heap before GC invocations=1489 (full 16):
 PSYoungGen      total 3072K, used 2933K [0x00000000eab00000, 0x00000000eaf80000, 0x0000000100000000)
  eden space 2048K, 100% used [0x00000000eab00000,0x00000000ead00000,0x00000000ead00000)
  from space 1024K, 86% used [0x00000000eae80000,0x00000000eaf5d508,0x00000000eaf80000)
  to   space 1024K, 0% used [0x00000000ead80000,0x00000000ead80000,0x00000000eae80000)
 ParOldGen       total 305664K, used 280665K [0x00000000c0000000, 0x00000000d2a80000, 0x00000000eab00000)
  object space 305664K, 91% used [0x00000000c0000000,0x00000000d1216450,0x00000000d2a80000)
 Metaspace       used 90993K, committed 92288K, reserved 1179648K
  class space    used 10275K, committed 10880K, reserved 1048576K
}
Event: 80.307 GC heap after
{Heap after GC invocations=1489 (full 16):
 PSYoungGen      total 3584K, used 889K [0x00000000eab00000, 0x00000000eaf80000, 0x0000000100000000)
  eden space 2560K, 0% used [0x00000000eab00000,0x00000000eab00000,0x00000000ead80000)
  from space 1024K, 86% used [0x00000000ead80000,0x00000000eae5e780,0x00000000eae80000)
  to   space 1024K, 0% used [0x00000000eae80000,0x00000000eae80000,0x00000000eaf80000)
 ParOldGen       total 305664K, used 281335K [0x00000000c0000000, 0x00000000d2a80000, 0x00000000eab00000)
  object space 305664K, 92% used [0x00000000c0000000,0x00000000d12bdcf8,0x00000000d2a80000)
 Metaspace       used 90993K, committed 92288K, reserved 1179648K
  class space    used 10275K, committed 10880K, reserved 1048576K
}
Event: 80.313 GC heap before
{Heap before GC invocations=1490 (full 16):
 PSYoungGen      total 3584K, used 3449K [0x00000000eab00000, 0x00000000eaf80000, 0x0000000100000000)
  eden space 2560K, 100% used [0x00000000eab00000,0x00000000ead80000,0x00000000ead80000)
  from space 1024K, 86% used [0x00000000ead80000,0x00000000eae5e780,0x00000000eae80000)
  to   space 1024K, 0% used [0x00000000eae80000,0x00000000eae80000,0x00000000eaf80000)
 ParOldGen       total 305664K, used 281335K [0x00000000c0000000, 0x00000000d2a80000, 0x00000000eab00000)
  object space 305664K, 92% used [0x00000000c0000000,0x00000000d12bdcf8,0x00000000d2a80000)
 Metaspace       used 90996K, committed 92352K, reserved 1179648K
  class space    used 10276K, committed 10880K, reserved 1048576K
}
Event: 80.313 GC heap after
{Heap after GC invocations=1490 (full 16):
 PSYoungGen      total 3584K, used 924K [0x00000000eab00000, 0x00000000eb000000, 0x0000000100000000)
  eden space 2560K, 0% used [0x00000000eab00000,0x00000000eab00000,0x00000000ead80000)
  from space 1024K, 90% used [0x00000000eae80000,0x00000000eaf67118,0x00000000eaf80000)
  to   space 1024K, 0% used [0x00000000ead80000,0x00000000ead80000,0x00000000eae80000)
 ParOldGen       total 305664K, used 281878K [0x00000000c0000000, 0x00000000d2a80000, 0x00000000eab00000)
  object space 305664K, 92% used [0x00000000c0000000,0x00000000d1345840,0x00000000d2a80000)
 Metaspace       used 90996K, committed 92352K, reserved 1179648K
  class space    used 10276K, committed 10880K, reserved 1048576K
}
Event: 80.320 GC heap before
{Heap before GC invocations=1491 (full 16):
 PSYoungGen      total 3584K, used 3484K [0x00000000eab00000, 0x00000000eb000000, 0x0000000100000000)
  eden space 2560K, 100% used [0x00000000eab00000,0x00000000ead80000,0x00000000ead80000)
  from space 1024K, 90% used [0x00000000eae80000,0x00000000eaf67118,0x00000000eaf80000)
  to   space 1024K, 0% used [0x00000000ead80000,0x00000000ead80000,0x00000000eae80000)
 ParOldGen       total 305664K, used 281878K [0x00000000c0000000, 0x00000000d2a80000, 0x00000000eab00000)
  object space 305664K, 92% used [0x00000000c0000000,0x00000000d1345840,0x00000000d2a80000)
 Metaspace       used 90996K, committed 92352K, reserved 1179648K
  class space    used 10276K, committed 10880K, reserved 1048576K
}
Event: 80.321 GC heap after
{Heap after GC invocations=1491 (full 16):
 PSYoungGen      total 3584K, used 1006K [0x00000000eab00000, 0x00000000eb180000, 0x0000000100000000)
  eden space 2560K, 0% used [0x00000000eab00000,0x00000000eab00000,0x00000000ead80000)
  from space 1024K, 98% used [0x00000000ead80000,0x00000000eae7b898,0x00000000eae80000)
  to   space 2048K, 0% used [0x00000000eaf80000,0x00000000eaf80000,0x00000000eb180000)
 ParOldGen       total 305664K, used 282659K [0x00000000c0000000, 0x00000000d2a80000, 0x00000000eab00000)
  object space 305664K, 92% used [0x00000000c0000000,0x00000000d1408d40,0x00000000d2a80000)
 Metaspace       used 90996K, committed 92352K, reserved 1179648K
  class space    used 10276K, committed 10880K, reserved 1048576K
}
Event: 80.325 GC heap before
{Heap before GC invocations=1492 (full 16):
 PSYoungGen      total 3584K, used 3566K [0x00000000eab00000, 0x00000000eb180000, 0x0000000100000000)
  eden space 2560K, 100% used [0x00000000eab00000,0x00000000ead80000,0x00000000ead80000)
  from space 1024K, 98% used [0x00000000ead80000,0x00000000eae7b898,0x00000000eae80000)
  to   space 2048K, 0% used [0x00000000eaf80000,0x00000000eaf80000,0x00000000eb180000)
 ParOldGen       total 305664K, used 282659K [0x00000000c0000000, 0x00000000d2a80000, 0x00000000eab00000)
  object space 305664K, 92% used [0x00000000c0000000,0x00000000d1408d40,0x00000000d2a80000)
 Metaspace       used 90996K, committed 92352K, reserved 1179648K
  class space    used 10276K, committed 10880K, reserved 1048576K
}
Event: 80.326 GC heap after
{Heap after GC invocations=1492 (full 16):
 PSYoungGen      total 4096K, used 1312K [0x00000000eab00000, 0x00000000eb100000, 0x0000000100000000)
  eden space 2560K, 0% used [0x00000000eab00000,0x00000000eab00000,0x00000000ead80000)
  from space 1536K, 85% used [0x00000000eaf80000,0x00000000eb0c8020,0x00000000eb100000)
  to   space 1536K, 0% used [0x00000000eae00000,0x00000000eae00000,0x00000000eaf80000)
 ParOldGen       total 305664K, used 283516K [0x00000000c0000000, 0x00000000d2a80000, 0x00000000eab00000)
  object space 305664K, 92% used [0x00000000c0000000,0x00000000d14df058,0x00000000d2a80000)
 Metaspace       used 90996K, committed 92352K, reserved 1179648K
  class space    used 10276K, committed 10880K, reserved 1048576K
}
Event: 80.331 GC heap before
{Heap before GC invocations=1493 (full 16):
 PSYoungGen      total 4096K, used 3872K [0x00000000eab00000, 0x00000000eb100000, 0x0000000100000000)
  eden space 2560K, 100% used [0x00000000eab00000,0x00000000ead80000,0x00000000ead80000)
  from space 1536K, 85% used [0x00000000eaf80000,0x00000000eb0c8020,0x00000000eb100000)
  to   space 1536K, 0% used [0x00000000eae00000,0x00000000eae00000,0x00000000eaf80000)
 ParOldGen       total 305664K, used 283516K [0x00000000c0000000, 0x00000000d2a80000, 0x00000000eab00000)
  object space 305664K, 92% used [0x00000000c0000000,0x00000000d14df058,0x00000000d2a80000)
 Metaspace       used 90996K, committed 92352K, reserved 1179648K
  class space    used 10276K, committed 10880K, reserved 1048576K
}
Event: 80.332 GC heap after
{Heap after GC invocations=1493 (full 16):
 PSYoungGen      total 4096K, used 1517K [0x00000000eab00000, 0x00000000eb380000, 0x0000000100000000)
  eden space 2560K, 0% used [0x00000000eab00000,0x00000000eab00000,0x00000000ead80000)
  from space 1536K, 98% used [0x00000000eae00000,0x00000000eaf7b5a0,0x00000000eaf80000)
  to   space 3072K, 0% used [0x00000000eb080000,0x00000000eb080000,0x00000000eb380000)
 ParOldGen       total 305664K, used 284735K [0x00000000c0000000, 0x00000000d2a80000, 0x00000000eab00000)
  object space 305664K, 93% used [0x00000000c0000000,0x00000000d160fde8,0x00000000d2a80000)
 Metaspace       used 90996K, committed 92352K, reserved 1179648K
  class space    used 10276K, committed 10880K, reserved 1048576K
}
Event: 80.338 GC heap before
{Heap before GC invocations=1494 (full 16):
 PSYoungGen      total 4096K, used 4077K [0x00000000eab00000, 0x00000000eb380000, 0x0000000100000000)
  eden space 2560K, 100% used [0x00000000eab00000,0x00000000ead80000,0x00000000ead80000)
  from space 1536K, 98% used [0x00000000eae00000,0x00000000eaf7b5a0,0x00000000eaf80000)
  to   space 3072K, 0% used [0x00000000eb080000,0x00000000eb080000,0x00000000eb380000)
 ParOldGen       total 305664K, used 284735K [0x00000000c0000000, 0x00000000d2a80000, 0x00000000eab00000)
  object space 305664K, 93% used [0x00000000c0000000,0x00000000d160fde8,0x00000000d2a80000)
 Metaspace       used 90996K, committed 92352K, reserved 1179648K
  class space    used 10276K, committed 10880K, reserved 1048576K
}
Event: 80.339 GC heap after
{Heap after GC invocations=1494 (full 16):
 PSYoungGen      total 4096K, used 1333K [0x00000000eab00000, 0x00000000eb200000, 0x0000000100000000)
  eden space 2560K, 0% used [0x00000000eab00000,0x00000000eab00000,0x00000000ead80000)
  from space 1536K, 86% used [0x00000000eb080000,0x00000000eb1cd7b8,0x00000000eb200000)
  to   space 2048K, 0% used [0x00000000eae00000,0x00000000eae00000,0x00000000eb000000)
 ParOldGen       total 305664K, used 286131K [0x00000000c0000000, 0x00000000d2a80000, 0x00000000eab00000)
  object space 305664K, 93% used [0x00000000c0000000,0x00000000d176cd30,0x00000000d2a80000)
 Metaspace       used 90996K, committed 92352K, reserved 1179648K
  class space    used 10276K, committed 10880K, reserved 1048576K
}
Event: 80.345 GC heap before
{Heap before GC invocations=1495 (full 16):
 PSYoungGen      total 4096K, used 3893K [0x00000000eab00000, 0x00000000eb200000, 0x0000000100000000)
  eden space 2560K, 100% used [0x00000000eab00000,0x00000000ead80000,0x00000000ead80000)
  from space 1536K, 86% used [0x00000000eb080000,0x00000000eb1cd7b8,0x00000000eb200000)
  to   space 2048K, 0% used [0x00000000eae00000,0x00000000eae00000,0x00000000eb000000)
 ParOldGen       total 305664K, used 286131K [0x00000000c0000000, 0x00000000d2a80000, 0x00000000eab00000)
  object space 305664K, 93% used [0x00000000c0000000,0x00000000d176cd30,0x00000000d2a80000)
 Metaspace       used 90996K, committed 92352K, reserved 1179648K
  class space    used 10276K, committed 10880K, reserved 1048576K
}
Event: 80.346 GC heap after
{Heap after GC invocations=1495 (full 16):
 PSYoungGen      total 3584K, used 941K [0x00000000eab00000, 0x00000000eb100000, 0x0000000100000000)
  eden space 2560K, 0% used [0x00000000eab00000,0x00000000eab00000,0x00000000ead80000)
  from space 1024K, 91% used [0x00000000eae00000,0x00000000eaeeb758,0x00000000eaf00000)
  to   space 1536K, 0% used [0x00000000eaf80000,0x00000000eaf80000,0x00000000eb100000)
 ParOldGen       total 305664K, used 287168K [0x00000000c0000000, 0x00000000d2a80000, 0x00000000eab00000)
  object space 305664K, 93% used [0x00000000c0000000,0x00000000d1870210,0x00000000d2a80000)
 Metaspace       used 90996K, committed 92352K, reserved 1179648K
  class space    used 10276K, committed 10880K, reserved 1048576K
}
Event: 80.356 GC heap before
{Heap before GC invocations=1496 (full 16):
 PSYoungGen      total 3584K, used 3501K [0x00000000eab00000, 0x00000000eb100000, 0x0000000100000000)
  eden space 2560K, 100% used [0x00000000eab00000,0x00000000ead80000,0x00000000ead80000)
  from space 1024K, 91% used [0x00000000eae00000,0x00000000eaeeb758,0x00000000eaf00000)
  to   space 1536K, 0% used [0x00000000eaf80000,0x00000000eaf80000,0x00000000eb100000)
 ParOldGen       total 305664K, used 287168K [0x00000000c0000000, 0x00000000d2a80000, 0x00000000eab00000)
  object space 305664K, 93% used [0x00000000c0000000,0x00000000d1870210,0x00000000d2a80000)
 Metaspace       used 90996K, committed 92352K, reserved 1179648K
  class space    used 10276K, committed 10880K, reserved 1048576K
}
Event: 80.357 GC heap after
{Heap after GC invocations=1496 (full 16):
 PSYoungGen      total 3584K, used 576K [0x00000000eab00000, 0x00000000eb080000, 0x0000000100000000)
  eden space 2560K, 0% used [0x00000000eab00000,0x00000000eab00000,0x00000000ead80000)
  from space 1024K, 56% used [0x00000000eaf80000,0x00000000eb010000,0x00000000eb080000)
  to   space 1024K, 0% used [0x00000000eae00000,0x00000000eae00000,0x00000000eaf00000)
 ParOldGen       total 305664K, used 287740K [0x00000000c0000000, 0x00000000d2a80000, 0x00000000eab00000)
  object space 305664K, 94% used [0x00000000c0000000,0x00000000d18ff220,0x00000000d2a80000)
 Metaspace       used 90996K, committed 92352K, reserved 1179648K
  class space    used 10276K, committed 10880K, reserved 1048576K
}
Event: 80.367 GC heap before
{Heap before GC invocations=1497 (full 16):
 PSYoungGen      total 3584K, used 3136K [0x00000000eab00000, 0x00000000eb080000, 0x0000000100000000)
  eden space 2560K, 100% used [0x00000000eab00000,0x00000000ead80000,0x00000000ead80000)
  from space 1024K, 56% used [0x00000000eaf80000,0x00000000eb010000,0x00000000eb080000)
  to   space 1024K, 0% used [0x00000000eae00000,0x00000000eae00000,0x00000000eaf00000)
 ParOldGen       total 305664K, used 287740K [0x00000000c0000000, 0x00000000d2a80000, 0x00000000eab00000)
  object space 305664K, 94% used [0x00000000c0000000,0x00000000d18ff220,0x00000000d2a80000)
 Metaspace       used 90997K, committed 92352K, reserved 1179648K
  class space    used 10276K, committed 10880K, reserved 1048576K
}
Event: 80.367 GC heap after
{Heap after GC invocations=1497 (full 16):
 PSYoungGen      total 3584K, used 499K [0x00000000eab00000, 0x00000000eb000000, 0x0000000100000000)
  eden space 2560K, 0% used [0x00000000eab00000,0x00000000eab00000,0x00000000ead80000)
  from space 1024K, 48% used [0x00000000eae00000,0x00000000eae7cda8,0x00000000eaf00000)
  to   space 1024K, 0% used [0x00000000eaf00000,0x00000000eaf00000,0x00000000eb000000)
 ParOldGen       total 305664K, used 288100K [0x00000000c0000000, 0x00000000d2a80000, 0x00000000eab00000)
  object space 305664K, 94% used [0x00000000c0000000,0x00000000d1959220,0x00000000d2a80000)
 Metaspace       used 90997K, committed 92352K, reserved 1179648K
  class space    used 10276K, committed 10880K, reserved 1048576K
}

